<?xml version="1.0" encoding="UTF-8"?>
<!-- Generated by org.testng.reporters.JUnitReportReporter -->
<testsuite hostname="DESKTOP-9SVIC0C" name="trainingclass.GmailFace" tests="1" failures="0" timestamp="28 Jan 2020 17:17:42 GMT" time="28.808" errors="0">
  <testcase name="selectMsgText" time="28.808" classname="trainingclass.GmailFace"/>
</testsuite> <!-- trainingclass.GmailFace -->
