<?xml version="1.0" encoding="UTF-8"?>
<!-- Generated by org.testng.reporters.JUnitReportReporter -->
<testsuite hostname="DESKTOP-9SVIC0C" name="trainingclass.InsterData" tests="1" failures="0" timestamp="21 Jan 2020 10:34:18 GMT" time="0.500" errors="0">
  <testcase name="sampleTest" time="0.500" classname="trainingclass.InsterData"/>
</testsuite> <!-- trainingclass.InsterData -->
