<?xml version="1.0" encoding="UTF-8"?>
<!-- Generated by org.testng.reporters.JUnitReportReporter -->
<testsuite hostname="DESKTOP-9SVIC0C" name="trainingclass.DemoJdbc" tests="1" failures="0" timestamp="21 Jan 2020 09:49:38 GMT" time="0.656" errors="0">
  <testcase name="sampleTest" time="0.656" classname="trainingclass.DemoJdbc"/>
</testsuite> <!-- trainingclass.DemoJdbc -->
