<?xml version="1.0" encoding="UTF-8"?>
<!-- Generated by org.testng.reporters.JUnitReportReporter -->
<testsuite hostname="DESKTOP-9SVIC0C" name="jenkinstoexecutets.TestScripts1" tests="1" failures="0" timestamp="24 Feb 2020 05:22:00 GMT" time="46.850" errors="0">
  <testcase name="excuteTest" time="46.850" classname="jenkinstoexecutets.TestScripts1"/>
</testsuite> <!-- jenkinstoexecutets.TestScripts1 -->
